2018-03-16 13:58:21,351 [INFO] [restartedMain] com.stylefeng.guns.GunsApplication [StartupInfoLogger.java : 48] Starting GunsApplication on PC527707 with PID 18348 (E:\java_code1\spring\springboot-beetl\target\classes started by 527707 in E:\java_code1\spring\springboot-beetl)
2018-03-16 13:58:21,352 [DEBUG] [restartedMain] com.stylefeng.guns.GunsApplication [StartupInfoLogger.java : 51] Running with Spring Boot v1.5.3.RELEASE, Spring v4.3.8.RELEASE
2018-03-16 13:58:21,353 [INFO] [restartedMain] com.stylefeng.guns.GunsApplication [SpringApplication.java : 641] The following profiles are active: dev
2018-03-16 13:58:21,404 [INFO] [restartedMain] o.s.b.c.e.AnnotationConfigEmbeddedWebApplicationContext [AbstractApplicationContext.java : 582] Refreshing org.springframework.boot.context.embedded.AnnotationConfigEmbeddedWebApplicationContext@6b6e2ea8: startup date [Fri Mar 16 13:58:21 CST 2018]; root of context hierarchy
2018-03-16 13:58:22,224 [INFO] [restartedMain] o.s.data.repository.config.RepositoryConfigurationDelegate [RepositoryConfigurationDelegate.java : 165] Multiple Spring Data modules found, entering strict repository configuration mode!
2018-03-16 13:58:23,008 [INFO] [restartedMain] o.s.b.context.embedded.tomcat.TomcatEmbeddedServletContainer [TomcatEmbeddedServletContainer.java : 89] Tomcat initialized with port(s): 80 (http)
2018-03-16 13:58:23,021 [INFO] [restartedMain] org.apache.catalina.core.StandardService [DirectJDKLog.java : 179] Starting service Tomcat
2018-03-16 13:58:23,022 [INFO] [restartedMain] org.apache.catalina.core.StandardEngine [DirectJDKLog.java : 179] Starting Servlet Engine: Apache Tomcat/8.5.14
2018-03-16 13:58:23,137 [INFO] [localhost-startStop-1] o.a.catalina.core.ContainerBase.[Tomcat].[localhost].[/] [DirectJDKLog.java : 179] Initializing Spring embedded WebApplicationContext
2018-03-16 13:58:23,137 [INFO] [localhost-startStop-1] org.springframework.web.context.ContextLoader [EmbeddedWebApplicationContext.java : 276] Root WebApplicationContext: initialization completed in 1733 ms
2018-03-16 13:58:23,276 [INFO] [localhost-startStop-1] org.springframework.boot.web.servlet.ServletRegistrationBean [ServletRegistrationBean.java : 190] Mapping servlet: 'dispatcherServlet' to [/]
2018-03-16 13:58:23,280 [INFO] [localhost-startStop-1] org.springframework.boot.web.servlet.FilterRegistrationBean [AbstractFilterRegistrationBean.java : 258] Mapping filter: 'characterEncodingFilter' to: [/*]
2018-03-16 13:58:23,281 [INFO] [localhost-startStop-1] org.springframework.boot.web.servlet.FilterRegistrationBean [AbstractFilterRegistrationBean.java : 258] Mapping filter: 'hiddenHttpMethodFilter' to: [/*]
2018-03-16 13:58:23,281 [INFO] [localhost-startStop-1] org.springframework.boot.web.servlet.FilterRegistrationBean [AbstractFilterRegistrationBean.java : 258] Mapping filter: 'httpPutFormContentFilter' to: [/*]
2018-03-16 13:58:23,282 [INFO] [localhost-startStop-1] org.springframework.boot.web.servlet.FilterRegistrationBean [AbstractFilterRegistrationBean.java : 258] Mapping filter: 'requestContextFilter' to: [/*]
2018-03-16 13:58:23,732 [INFO] [restartedMain] o.s.w.s.mvc.method.annotation.RequestMappingHandlerAdapter [RequestMappingHandlerAdapter.java : 534] Looking for @ControllerAdvice: org.springframework.boot.context.embedded.AnnotationConfigEmbeddedWebApplicationContext@6b6e2ea8: startup date [Fri Mar 16 13:58:21 CST 2018]; root of context hierarchy
2018-03-16 13:58:23,789 [INFO] [restartedMain] o.s.w.s.mvc.method.annotation.RequestMappingHandlerMapping [AbstractHandlerMethodMapping.java : 543] Mapped "{[/index]}" onto public java.lang.String com.stylefeng.guns.controller.IndexController.index()
2018-03-16 13:58:23,792 [INFO] [restartedMain] o.s.w.s.mvc.method.annotation.RequestMappingHandlerMapping [AbstractHandlerMethodMapping.java : 543] Mapped "{[/error]}" onto public org.springframework.http.ResponseEntity<java.util.Map<java.lang.String, java.lang.Object>> org.springframework.boot.autoconfigure.web.BasicErrorController.error(javax.servlet.http.HttpServletRequest)
2018-03-16 13:58:23,793 [INFO] [restartedMain] o.s.w.s.mvc.method.annotation.RequestMappingHandlerMapping [AbstractHandlerMethodMapping.java : 543] Mapped "{[/error],produces=[text/html]}" onto public org.springframework.web.servlet.ModelAndView org.springframework.boot.autoconfigure.web.BasicErrorController.errorHtml(javax.servlet.http.HttpServletRequest,javax.servlet.http.HttpServletResponse)
2018-03-16 13:58:23,846 [INFO] [restartedMain] o.s.web.servlet.handler.SimpleUrlHandlerMapping [AbstractUrlHandlerMapping.java : 362] Mapped URL path [/webjars/**] onto handler of type [class org.springframework.web.servlet.resource.ResourceHttpRequestHandler]
2018-03-16 13:58:23,847 [INFO] [restartedMain] o.s.web.servlet.handler.SimpleUrlHandlerMapping [AbstractUrlHandlerMapping.java : 362] Mapped URL path [/static/**] onto handler of type [class org.springframework.web.servlet.resource.ResourceHttpRequestHandler]
2018-03-16 13:58:23,883 [INFO] [restartedMain] o.s.web.servlet.handler.SimpleUrlHandlerMapping [AbstractUrlHandlerMapping.java : 362] Mapped URL path [/**/favicon.ico] onto handler of type [class org.springframework.web.servlet.resource.ResourceHttpRequestHandler]
2018-03-16 13:58:24,205 [WARN] [restartedMain] o.s.boot.devtools.autoconfigure.OptionalLiveReloadServer [OptionalLiveReloadServer.java : 62] Unable to start LiveReload server
2018-03-16 13:58:24,343 [INFO] [restartedMain] o.s.jmx.export.annotation.AnnotationMBeanExporter [MBeanExporter.java : 431] Registering beans for JMX exposure on startup
2018-03-16 13:58:24,495 [INFO] [restartedMain] o.s.b.context.embedded.tomcat.TomcatEmbeddedServletContainer [TomcatEmbeddedServletContainer.java : 198] Tomcat started on port(s): 80 (http)
2018-03-16 13:58:24,503 [INFO] [restartedMain] com.stylefeng.guns.GunsApplication [StartupInfoLogger.java : 57] Started GunsApplication in 3.546 seconds (JVM running for 3.924)
2018-03-16 13:58:24,503 [INFO] [restartedMain] com.stylefeng.guns.GunsApplication [GunsApplication.java : 24] GunsApplication is success!
2018-03-16 13:58:34,816 [INFO] [http-nio-80-exec-5] o.a.catalina.core.ContainerBase.[Tomcat].[localhost].[/] [DirectJDKLog.java : 179] Initializing Spring FrameworkServlet 'dispatcherServlet'
2018-03-16 13:58:34,816 [INFO] [http-nio-80-exec-5] org.springframework.web.servlet.DispatcherServlet [FrameworkServlet.java : 489] FrameworkServlet 'dispatcherServlet': initialization started
2018-03-16 13:58:34,838 [INFO] [http-nio-80-exec-5] org.springframework.web.servlet.DispatcherServlet [FrameworkServlet.java : 508] FrameworkServlet 'dispatcherServlet': initialization completed in 21 ms
